ARM GAS  C:\Users\Admin\AppData\Local\Temp\ccBelkXJ.s 			page 1


   1              		.cpu cortex-m4
   2              		.arch armv7e-m
   3              		.fpu fpv4-sp-d16
   4              		.eabi_attribute 27, 1
   5              		.eabi_attribute 28, 1
   6              		.eabi_attribute 20, 1
   7              		.eabi_attribute 21, 1
   8              		.eabi_attribute 23, 3
   9              		.eabi_attribute 24, 1
  10              		.eabi_attribute 25, 1
  11              		.eabi_attribute 26, 1
  12              		.eabi_attribute 30, 1
  13              		.eabi_attribute 34, 1
  14              		.eabi_attribute 18, 4
  15              		.file	"stm32l4xx_hal_msp.c"
  16              		.text
  17              	.Ltext0:
  18              		.cfi_sections	.debug_frame
  19              		.section	.text.HAL_MspInit,"ax",%progbits
  20              		.align	1
  21              		.global	HAL_MspInit
  22              		.syntax unified
  23              		.thumb
  24              		.thumb_func
  26              	HAL_MspInit:
  27              	.LFB132:
  28              		.file 1 "Core/Src/stm32l4xx_hal_msp.c"
   1:Core/Src/stm32l4xx_hal_msp.c **** /* USER CODE BEGIN Header */
   2:Core/Src/stm32l4xx_hal_msp.c **** /**
   3:Core/Src/stm32l4xx_hal_msp.c ****   ******************************************************************************
   4:Core/Src/stm32l4xx_hal_msp.c ****   * @file         stm32l4xx_hal_msp.c
   5:Core/Src/stm32l4xx_hal_msp.c ****   * @brief        This file provides code for the MSP Initialization
   6:Core/Src/stm32l4xx_hal_msp.c ****   *               and de-Initialization codes.
   7:Core/Src/stm32l4xx_hal_msp.c ****   ******************************************************************************
   8:Core/Src/stm32l4xx_hal_msp.c ****   * @attention
   9:Core/Src/stm32l4xx_hal_msp.c ****   *
  10:Core/Src/stm32l4xx_hal_msp.c ****   * Copyright (c) 2022 STMicroelectronics.
  11:Core/Src/stm32l4xx_hal_msp.c ****   * All rights reserved.
  12:Core/Src/stm32l4xx_hal_msp.c ****   *
  13:Core/Src/stm32l4xx_hal_msp.c ****   * This software is licensed under terms that can be found in the LICENSE file
  14:Core/Src/stm32l4xx_hal_msp.c ****   * in the root directory of this software component.
  15:Core/Src/stm32l4xx_hal_msp.c ****   * If no LICENSE file comes with this software, it is provided AS-IS.
  16:Core/Src/stm32l4xx_hal_msp.c ****   *
  17:Core/Src/stm32l4xx_hal_msp.c ****   ******************************************************************************
  18:Core/Src/stm32l4xx_hal_msp.c ****   */
  19:Core/Src/stm32l4xx_hal_msp.c **** /* USER CODE END Header */
  20:Core/Src/stm32l4xx_hal_msp.c **** 
  21:Core/Src/stm32l4xx_hal_msp.c **** /* Includes ------------------------------------------------------------------*/
  22:Core/Src/stm32l4xx_hal_msp.c **** #include "main.h"
  23:Core/Src/stm32l4xx_hal_msp.c **** /* USER CODE BEGIN Includes */
  24:Core/Src/stm32l4xx_hal_msp.c **** 
  25:Core/Src/stm32l4xx_hal_msp.c **** /* USER CODE END Includes */
  26:Core/Src/stm32l4xx_hal_msp.c **** 
  27:Core/Src/stm32l4xx_hal_msp.c **** /* Private typedef -----------------------------------------------------------*/
  28:Core/Src/stm32l4xx_hal_msp.c **** /* USER CODE BEGIN TD */
  29:Core/Src/stm32l4xx_hal_msp.c **** 
  30:Core/Src/stm32l4xx_hal_msp.c **** /* USER CODE END TD */
ARM GAS  C:\Users\Admin\AppData\Local\Temp\ccBelkXJ.s 			page 2


  31:Core/Src/stm32l4xx_hal_msp.c **** 
  32:Core/Src/stm32l4xx_hal_msp.c **** /* Private define ------------------------------------------------------------*/
  33:Core/Src/stm32l4xx_hal_msp.c **** /* USER CODE BEGIN Define */
  34:Core/Src/stm32l4xx_hal_msp.c **** 
  35:Core/Src/stm32l4xx_hal_msp.c **** /* USER CODE END Define */
  36:Core/Src/stm32l4xx_hal_msp.c **** 
  37:Core/Src/stm32l4xx_hal_msp.c **** /* Private macro -------------------------------------------------------------*/
  38:Core/Src/stm32l4xx_hal_msp.c **** /* USER CODE BEGIN Macro */
  39:Core/Src/stm32l4xx_hal_msp.c **** 
  40:Core/Src/stm32l4xx_hal_msp.c **** /* USER CODE END Macro */
  41:Core/Src/stm32l4xx_hal_msp.c **** 
  42:Core/Src/stm32l4xx_hal_msp.c **** /* Private variables ---------------------------------------------------------*/
  43:Core/Src/stm32l4xx_hal_msp.c **** /* USER CODE BEGIN PV */
  44:Core/Src/stm32l4xx_hal_msp.c **** 
  45:Core/Src/stm32l4xx_hal_msp.c **** /* USER CODE END PV */
  46:Core/Src/stm32l4xx_hal_msp.c **** 
  47:Core/Src/stm32l4xx_hal_msp.c **** /* Private function prototypes -----------------------------------------------*/
  48:Core/Src/stm32l4xx_hal_msp.c **** /* USER CODE BEGIN PFP */
  49:Core/Src/stm32l4xx_hal_msp.c **** 
  50:Core/Src/stm32l4xx_hal_msp.c **** /* USER CODE END PFP */
  51:Core/Src/stm32l4xx_hal_msp.c **** 
  52:Core/Src/stm32l4xx_hal_msp.c **** /* External functions --------------------------------------------------------*/
  53:Core/Src/stm32l4xx_hal_msp.c **** /* USER CODE BEGIN ExternalFunctions */
  54:Core/Src/stm32l4xx_hal_msp.c **** 
  55:Core/Src/stm32l4xx_hal_msp.c **** /* USER CODE END ExternalFunctions */
  56:Core/Src/stm32l4xx_hal_msp.c **** 
  57:Core/Src/stm32l4xx_hal_msp.c **** /* USER CODE BEGIN 0 */
  58:Core/Src/stm32l4xx_hal_msp.c **** 
  59:Core/Src/stm32l4xx_hal_msp.c **** /* USER CODE END 0 */
  60:Core/Src/stm32l4xx_hal_msp.c **** /**
  61:Core/Src/stm32l4xx_hal_msp.c ****   * Initializes the Global MSP.
  62:Core/Src/stm32l4xx_hal_msp.c ****   */
  63:Core/Src/stm32l4xx_hal_msp.c **** void HAL_MspInit(void)
  64:Core/Src/stm32l4xx_hal_msp.c **** {
  29              		.loc 1 64 1 view -0
  30              		.cfi_startproc
  31              		@ args = 0, pretend = 0, frame = 8
  32              		@ frame_needed = 0, uses_anonymous_args = 0
  33              		@ link register save eliminated.
  34 0000 82B0     		sub	sp, sp, #8
  35              	.LCFI0:
  36              		.cfi_def_cfa_offset 8
  65:Core/Src/stm32l4xx_hal_msp.c ****   /* USER CODE BEGIN MspInit 0 */
  66:Core/Src/stm32l4xx_hal_msp.c **** 
  67:Core/Src/stm32l4xx_hal_msp.c ****   /* USER CODE END MspInit 0 */
  68:Core/Src/stm32l4xx_hal_msp.c **** 
  69:Core/Src/stm32l4xx_hal_msp.c ****   __HAL_RCC_SYSCFG_CLK_ENABLE();
  37              		.loc 1 69 3 view .LVU1
  38              	.LBB2:
  39              		.loc 1 69 3 view .LVU2
  40              		.loc 1 69 3 view .LVU3
  41 0002 0A4B     		ldr	r3, .L3
  42 0004 1A6E     		ldr	r2, [r3, #96]
  43 0006 42F00102 		orr	r2, r2, #1
  44 000a 1A66     		str	r2, [r3, #96]
  45              		.loc 1 69 3 view .LVU4
  46 000c 1A6E     		ldr	r2, [r3, #96]
ARM GAS  C:\Users\Admin\AppData\Local\Temp\ccBelkXJ.s 			page 3


  47 000e 02F00102 		and	r2, r2, #1
  48 0012 0092     		str	r2, [sp]
  49              		.loc 1 69 3 view .LVU5
  50 0014 009A     		ldr	r2, [sp]
  51              	.LBE2:
  52              		.loc 1 69 3 view .LVU6
  70:Core/Src/stm32l4xx_hal_msp.c ****   __HAL_RCC_PWR_CLK_ENABLE();
  53              		.loc 1 70 3 view .LVU7
  54              	.LBB3:
  55              		.loc 1 70 3 view .LVU8
  56              		.loc 1 70 3 view .LVU9
  57 0016 9A6D     		ldr	r2, [r3, #88]
  58 0018 42F08052 		orr	r2, r2, #268435456
  59 001c 9A65     		str	r2, [r3, #88]
  60              		.loc 1 70 3 view .LVU10
  61 001e 9B6D     		ldr	r3, [r3, #88]
  62 0020 03F08053 		and	r3, r3, #268435456
  63 0024 0193     		str	r3, [sp, #4]
  64              		.loc 1 70 3 view .LVU11
  65 0026 019B     		ldr	r3, [sp, #4]
  66              	.LBE3:
  67              		.loc 1 70 3 view .LVU12
  71:Core/Src/stm32l4xx_hal_msp.c **** 
  72:Core/Src/stm32l4xx_hal_msp.c ****   /* System interrupt init*/
  73:Core/Src/stm32l4xx_hal_msp.c **** 
  74:Core/Src/stm32l4xx_hal_msp.c ****   /* USER CODE BEGIN MspInit 1 */
  75:Core/Src/stm32l4xx_hal_msp.c **** 
  76:Core/Src/stm32l4xx_hal_msp.c ****   /* USER CODE END MspInit 1 */
  77:Core/Src/stm32l4xx_hal_msp.c **** }
  68              		.loc 1 77 1 is_stmt 0 view .LVU13
  69 0028 02B0     		add	sp, sp, #8
  70              	.LCFI1:
  71              		.cfi_def_cfa_offset 0
  72              		@ sp needed
  73 002a 7047     		bx	lr
  74              	.L4:
  75              		.align	2
  76              	.L3:
  77 002c 00100240 		.word	1073876992
  78              		.cfi_endproc
  79              	.LFE132:
  81              		.section	.text.HAL_SPI_MspInit,"ax",%progbits
  82              		.align	1
  83              		.global	HAL_SPI_MspInit
  84              		.syntax unified
  85              		.thumb
  86              		.thumb_func
  88              	HAL_SPI_MspInit:
  89              	.LVL0:
  90              	.LFB133:
  78:Core/Src/stm32l4xx_hal_msp.c **** 
  79:Core/Src/stm32l4xx_hal_msp.c **** /**
  80:Core/Src/stm32l4xx_hal_msp.c **** * @brief SPI MSP Initialization
  81:Core/Src/stm32l4xx_hal_msp.c **** * This function configures the hardware resources used in this example
  82:Core/Src/stm32l4xx_hal_msp.c **** * @param hspi: SPI handle pointer
  83:Core/Src/stm32l4xx_hal_msp.c **** * @retval None
  84:Core/Src/stm32l4xx_hal_msp.c **** */
ARM GAS  C:\Users\Admin\AppData\Local\Temp\ccBelkXJ.s 			page 4


  85:Core/Src/stm32l4xx_hal_msp.c **** void HAL_SPI_MspInit(SPI_HandleTypeDef* hspi)
  86:Core/Src/stm32l4xx_hal_msp.c **** {
  91              		.loc 1 86 1 is_stmt 1 view -0
  92              		.cfi_startproc
  93              		@ args = 0, pretend = 0, frame = 32
  94              		@ frame_needed = 0, uses_anonymous_args = 0
  95              		.loc 1 86 1 is_stmt 0 view .LVU15
  96 0000 00B5     		push	{lr}
  97              	.LCFI2:
  98              		.cfi_def_cfa_offset 4
  99              		.cfi_offset 14, -4
 100 0002 89B0     		sub	sp, sp, #36
 101              	.LCFI3:
 102              		.cfi_def_cfa_offset 40
  87:Core/Src/stm32l4xx_hal_msp.c ****   GPIO_InitTypeDef GPIO_InitStruct = {0};
 103              		.loc 1 87 3 is_stmt 1 view .LVU16
 104              		.loc 1 87 20 is_stmt 0 view .LVU17
 105 0004 0023     		movs	r3, #0
 106 0006 0393     		str	r3, [sp, #12]
 107 0008 0493     		str	r3, [sp, #16]
 108 000a 0593     		str	r3, [sp, #20]
 109 000c 0693     		str	r3, [sp, #24]
 110 000e 0793     		str	r3, [sp, #28]
  88:Core/Src/stm32l4xx_hal_msp.c ****   if(hspi->Instance==SPI1)
 111              		.loc 1 88 3 is_stmt 1 view .LVU18
 112              		.loc 1 88 10 is_stmt 0 view .LVU19
 113 0010 0268     		ldr	r2, [r0]
 114              		.loc 1 88 5 view .LVU20
 115 0012 154B     		ldr	r3, .L9
 116 0014 9A42     		cmp	r2, r3
 117 0016 02D0     		beq	.L8
 118              	.LVL1:
 119              	.L5:
  89:Core/Src/stm32l4xx_hal_msp.c ****   {
  90:Core/Src/stm32l4xx_hal_msp.c ****   /* USER CODE BEGIN SPI1_MspInit 0 */
  91:Core/Src/stm32l4xx_hal_msp.c **** 
  92:Core/Src/stm32l4xx_hal_msp.c ****   /* USER CODE END SPI1_MspInit 0 */
  93:Core/Src/stm32l4xx_hal_msp.c ****     /* Peripheral clock enable */
  94:Core/Src/stm32l4xx_hal_msp.c ****     __HAL_RCC_SPI1_CLK_ENABLE();
  95:Core/Src/stm32l4xx_hal_msp.c **** 
  96:Core/Src/stm32l4xx_hal_msp.c ****     __HAL_RCC_GPIOA_CLK_ENABLE();
  97:Core/Src/stm32l4xx_hal_msp.c ****     /**SPI1 GPIO Configuration
  98:Core/Src/stm32l4xx_hal_msp.c ****     PA1     ------> SPI1_SCK
  99:Core/Src/stm32l4xx_hal_msp.c ****     PA11     ------> SPI1_MISO
 100:Core/Src/stm32l4xx_hal_msp.c ****     PA12     ------> SPI1_MOSI
 101:Core/Src/stm32l4xx_hal_msp.c ****     */
 102:Core/Src/stm32l4xx_hal_msp.c ****     GPIO_InitStruct.Pin = GPIO_PIN_1|GPIO_PIN_11|GPIO_PIN_12;
 103:Core/Src/stm32l4xx_hal_msp.c ****     GPIO_InitStruct.Mode = GPIO_MODE_AF_PP;
 104:Core/Src/stm32l4xx_hal_msp.c ****     GPIO_InitStruct.Pull = GPIO_PULLDOWN;
 105:Core/Src/stm32l4xx_hal_msp.c ****     GPIO_InitStruct.Speed = GPIO_SPEED_FREQ_VERY_HIGH;
 106:Core/Src/stm32l4xx_hal_msp.c ****     GPIO_InitStruct.Alternate = GPIO_AF5_SPI1;
 107:Core/Src/stm32l4xx_hal_msp.c ****     HAL_GPIO_Init(GPIOA, &GPIO_InitStruct);
 108:Core/Src/stm32l4xx_hal_msp.c **** 
 109:Core/Src/stm32l4xx_hal_msp.c ****   /* USER CODE BEGIN SPI1_MspInit 1 */
 110:Core/Src/stm32l4xx_hal_msp.c **** 
 111:Core/Src/stm32l4xx_hal_msp.c ****   /* USER CODE END SPI1_MspInit 1 */
 112:Core/Src/stm32l4xx_hal_msp.c ****   }
ARM GAS  C:\Users\Admin\AppData\Local\Temp\ccBelkXJ.s 			page 5


 113:Core/Src/stm32l4xx_hal_msp.c **** 
 114:Core/Src/stm32l4xx_hal_msp.c **** }
 120              		.loc 1 114 1 view .LVU21
 121 0018 09B0     		add	sp, sp, #36
 122              	.LCFI4:
 123              		.cfi_remember_state
 124              		.cfi_def_cfa_offset 4
 125              		@ sp needed
 126 001a 5DF804FB 		ldr	pc, [sp], #4
 127              	.LVL2:
 128              	.L8:
 129              	.LCFI5:
 130              		.cfi_restore_state
  94:Core/Src/stm32l4xx_hal_msp.c **** 
 131              		.loc 1 94 5 is_stmt 1 view .LVU22
 132              	.LBB4:
  94:Core/Src/stm32l4xx_hal_msp.c **** 
 133              		.loc 1 94 5 view .LVU23
  94:Core/Src/stm32l4xx_hal_msp.c **** 
 134              		.loc 1 94 5 view .LVU24
 135 001e 03F56043 		add	r3, r3, #57344
 136 0022 1A6E     		ldr	r2, [r3, #96]
 137 0024 42F48052 		orr	r2, r2, #4096
 138 0028 1A66     		str	r2, [r3, #96]
  94:Core/Src/stm32l4xx_hal_msp.c **** 
 139              		.loc 1 94 5 view .LVU25
 140 002a 1A6E     		ldr	r2, [r3, #96]
 141 002c 02F48052 		and	r2, r2, #4096
 142 0030 0192     		str	r2, [sp, #4]
  94:Core/Src/stm32l4xx_hal_msp.c **** 
 143              		.loc 1 94 5 view .LVU26
 144 0032 019A     		ldr	r2, [sp, #4]
 145              	.LBE4:
  94:Core/Src/stm32l4xx_hal_msp.c **** 
 146              		.loc 1 94 5 view .LVU27
  96:Core/Src/stm32l4xx_hal_msp.c ****     /**SPI1 GPIO Configuration
 147              		.loc 1 96 5 view .LVU28
 148              	.LBB5:
  96:Core/Src/stm32l4xx_hal_msp.c ****     /**SPI1 GPIO Configuration
 149              		.loc 1 96 5 view .LVU29
  96:Core/Src/stm32l4xx_hal_msp.c ****     /**SPI1 GPIO Configuration
 150              		.loc 1 96 5 view .LVU30
 151 0034 DA6C     		ldr	r2, [r3, #76]
 152 0036 42F00102 		orr	r2, r2, #1
 153 003a DA64     		str	r2, [r3, #76]
  96:Core/Src/stm32l4xx_hal_msp.c ****     /**SPI1 GPIO Configuration
 154              		.loc 1 96 5 view .LVU31
 155 003c DB6C     		ldr	r3, [r3, #76]
 156 003e 03F00103 		and	r3, r3, #1
 157 0042 0293     		str	r3, [sp, #8]
  96:Core/Src/stm32l4xx_hal_msp.c ****     /**SPI1 GPIO Configuration
 158              		.loc 1 96 5 view .LVU32
 159 0044 029B     		ldr	r3, [sp, #8]
 160              	.LBE5:
  96:Core/Src/stm32l4xx_hal_msp.c ****     /**SPI1 GPIO Configuration
 161              		.loc 1 96 5 view .LVU33
 102:Core/Src/stm32l4xx_hal_msp.c ****     GPIO_InitStruct.Mode = GPIO_MODE_AF_PP;
ARM GAS  C:\Users\Admin\AppData\Local\Temp\ccBelkXJ.s 			page 6


 162              		.loc 1 102 5 view .LVU34
 102:Core/Src/stm32l4xx_hal_msp.c ****     GPIO_InitStruct.Mode = GPIO_MODE_AF_PP;
 163              		.loc 1 102 25 is_stmt 0 view .LVU35
 164 0046 41F60203 		movw	r3, #6146
 165 004a 0393     		str	r3, [sp, #12]
 103:Core/Src/stm32l4xx_hal_msp.c ****     GPIO_InitStruct.Pull = GPIO_PULLDOWN;
 166              		.loc 1 103 5 is_stmt 1 view .LVU36
 103:Core/Src/stm32l4xx_hal_msp.c ****     GPIO_InitStruct.Pull = GPIO_PULLDOWN;
 167              		.loc 1 103 26 is_stmt 0 view .LVU37
 168 004c 0223     		movs	r3, #2
 169 004e 0493     		str	r3, [sp, #16]
 104:Core/Src/stm32l4xx_hal_msp.c ****     GPIO_InitStruct.Speed = GPIO_SPEED_FREQ_VERY_HIGH;
 170              		.loc 1 104 5 is_stmt 1 view .LVU38
 104:Core/Src/stm32l4xx_hal_msp.c ****     GPIO_InitStruct.Speed = GPIO_SPEED_FREQ_VERY_HIGH;
 171              		.loc 1 104 26 is_stmt 0 view .LVU39
 172 0050 0593     		str	r3, [sp, #20]
 105:Core/Src/stm32l4xx_hal_msp.c ****     GPIO_InitStruct.Alternate = GPIO_AF5_SPI1;
 173              		.loc 1 105 5 is_stmt 1 view .LVU40
 105:Core/Src/stm32l4xx_hal_msp.c ****     GPIO_InitStruct.Alternate = GPIO_AF5_SPI1;
 174              		.loc 1 105 27 is_stmt 0 view .LVU41
 175 0052 0323     		movs	r3, #3
 176 0054 0693     		str	r3, [sp, #24]
 106:Core/Src/stm32l4xx_hal_msp.c ****     HAL_GPIO_Init(GPIOA, &GPIO_InitStruct);
 177              		.loc 1 106 5 is_stmt 1 view .LVU42
 106:Core/Src/stm32l4xx_hal_msp.c ****     HAL_GPIO_Init(GPIOA, &GPIO_InitStruct);
 178              		.loc 1 106 31 is_stmt 0 view .LVU43
 179 0056 0523     		movs	r3, #5
 180 0058 0793     		str	r3, [sp, #28]
 107:Core/Src/stm32l4xx_hal_msp.c **** 
 181              		.loc 1 107 5 is_stmt 1 view .LVU44
 182 005a 03A9     		add	r1, sp, #12
 183 005c 4FF09040 		mov	r0, #1207959552
 184              	.LVL3:
 107:Core/Src/stm32l4xx_hal_msp.c **** 
 185              		.loc 1 107 5 is_stmt 0 view .LVU45
 186 0060 FFF7FEFF 		bl	HAL_GPIO_Init
 187              	.LVL4:
 188              		.loc 1 114 1 view .LVU46
 189 0064 D8E7     		b	.L5
 190              	.L10:
 191 0066 00BF     		.align	2
 192              	.L9:
 193 0068 00300140 		.word	1073819648
 194              		.cfi_endproc
 195              	.LFE133:
 197              		.section	.text.HAL_SPI_MspDeInit,"ax",%progbits
 198              		.align	1
 199              		.global	HAL_SPI_MspDeInit
 200              		.syntax unified
 201              		.thumb
 202              		.thumb_func
 204              	HAL_SPI_MspDeInit:
 205              	.LVL5:
 206              	.LFB134:
 115:Core/Src/stm32l4xx_hal_msp.c **** 
 116:Core/Src/stm32l4xx_hal_msp.c **** /**
 117:Core/Src/stm32l4xx_hal_msp.c **** * @brief SPI MSP De-Initialization
ARM GAS  C:\Users\Admin\AppData\Local\Temp\ccBelkXJ.s 			page 7


 118:Core/Src/stm32l4xx_hal_msp.c **** * This function freeze the hardware resources used in this example
 119:Core/Src/stm32l4xx_hal_msp.c **** * @param hspi: SPI handle pointer
 120:Core/Src/stm32l4xx_hal_msp.c **** * @retval None
 121:Core/Src/stm32l4xx_hal_msp.c **** */
 122:Core/Src/stm32l4xx_hal_msp.c **** void HAL_SPI_MspDeInit(SPI_HandleTypeDef* hspi)
 123:Core/Src/stm32l4xx_hal_msp.c **** {
 207              		.loc 1 123 1 is_stmt 1 view -0
 208              		.cfi_startproc
 209              		@ args = 0, pretend = 0, frame = 0
 210              		@ frame_needed = 0, uses_anonymous_args = 0
 211              		.loc 1 123 1 is_stmt 0 view .LVU48
 212 0000 08B5     		push	{r3, lr}
 213              	.LCFI6:
 214              		.cfi_def_cfa_offset 8
 215              		.cfi_offset 3, -8
 216              		.cfi_offset 14, -4
 124:Core/Src/stm32l4xx_hal_msp.c ****   if(hspi->Instance==SPI1)
 217              		.loc 1 124 3 is_stmt 1 view .LVU49
 218              		.loc 1 124 10 is_stmt 0 view .LVU50
 219 0002 0268     		ldr	r2, [r0]
 220              		.loc 1 124 5 view .LVU51
 221 0004 074B     		ldr	r3, .L15
 222 0006 9A42     		cmp	r2, r3
 223 0008 00D0     		beq	.L14
 224              	.LVL6:
 225              	.L11:
 125:Core/Src/stm32l4xx_hal_msp.c ****   {
 126:Core/Src/stm32l4xx_hal_msp.c ****   /* USER CODE BEGIN SPI1_MspDeInit 0 */
 127:Core/Src/stm32l4xx_hal_msp.c **** 
 128:Core/Src/stm32l4xx_hal_msp.c ****   /* USER CODE END SPI1_MspDeInit 0 */
 129:Core/Src/stm32l4xx_hal_msp.c ****     /* Peripheral clock disable */
 130:Core/Src/stm32l4xx_hal_msp.c ****     __HAL_RCC_SPI1_CLK_DISABLE();
 131:Core/Src/stm32l4xx_hal_msp.c **** 
 132:Core/Src/stm32l4xx_hal_msp.c ****     /**SPI1 GPIO Configuration
 133:Core/Src/stm32l4xx_hal_msp.c ****     PA1     ------> SPI1_SCK
 134:Core/Src/stm32l4xx_hal_msp.c ****     PA11     ------> SPI1_MISO
 135:Core/Src/stm32l4xx_hal_msp.c ****     PA12     ------> SPI1_MOSI
 136:Core/Src/stm32l4xx_hal_msp.c ****     */
 137:Core/Src/stm32l4xx_hal_msp.c ****     HAL_GPIO_DeInit(GPIOA, GPIO_PIN_1|GPIO_PIN_11|GPIO_PIN_12);
 138:Core/Src/stm32l4xx_hal_msp.c **** 
 139:Core/Src/stm32l4xx_hal_msp.c ****   /* USER CODE BEGIN SPI1_MspDeInit 1 */
 140:Core/Src/stm32l4xx_hal_msp.c **** 
 141:Core/Src/stm32l4xx_hal_msp.c ****   /* USER CODE END SPI1_MspDeInit 1 */
 142:Core/Src/stm32l4xx_hal_msp.c ****   }
 143:Core/Src/stm32l4xx_hal_msp.c **** 
 144:Core/Src/stm32l4xx_hal_msp.c **** }
 226              		.loc 1 144 1 view .LVU52
 227 000a 08BD     		pop	{r3, pc}
 228              	.LVL7:
 229              	.L14:
 130:Core/Src/stm32l4xx_hal_msp.c **** 
 230              		.loc 1 130 5 is_stmt 1 view .LVU53
 231 000c 064A     		ldr	r2, .L15+4
 232 000e 136E     		ldr	r3, [r2, #96]
 233 0010 23F48053 		bic	r3, r3, #4096
 234 0014 1366     		str	r3, [r2, #96]
 137:Core/Src/stm32l4xx_hal_msp.c **** 
ARM GAS  C:\Users\Admin\AppData\Local\Temp\ccBelkXJ.s 			page 8


 235              		.loc 1 137 5 view .LVU54
 236 0016 41F60201 		movw	r1, #6146
 237 001a 4FF09040 		mov	r0, #1207959552
 238              	.LVL8:
 137:Core/Src/stm32l4xx_hal_msp.c **** 
 239              		.loc 1 137 5 is_stmt 0 view .LVU55
 240 001e FFF7FEFF 		bl	HAL_GPIO_DeInit
 241              	.LVL9:
 242              		.loc 1 144 1 view .LVU56
 243 0022 F2E7     		b	.L11
 244              	.L16:
 245              		.align	2
 246              	.L15:
 247 0024 00300140 		.word	1073819648
 248 0028 00100240 		.word	1073876992
 249              		.cfi_endproc
 250              	.LFE134:
 252              		.section	.text.HAL_UART_MspInit,"ax",%progbits
 253              		.align	1
 254              		.global	HAL_UART_MspInit
 255              		.syntax unified
 256              		.thumb
 257              		.thumb_func
 259              	HAL_UART_MspInit:
 260              	.LVL10:
 261              	.LFB135:
 145:Core/Src/stm32l4xx_hal_msp.c **** 
 146:Core/Src/stm32l4xx_hal_msp.c **** /**
 147:Core/Src/stm32l4xx_hal_msp.c **** * @brief UART MSP Initialization
 148:Core/Src/stm32l4xx_hal_msp.c **** * This function configures the hardware resources used in this example
 149:Core/Src/stm32l4xx_hal_msp.c **** * @param huart: UART handle pointer
 150:Core/Src/stm32l4xx_hal_msp.c **** * @retval None
 151:Core/Src/stm32l4xx_hal_msp.c **** */
 152:Core/Src/stm32l4xx_hal_msp.c **** void HAL_UART_MspInit(UART_HandleTypeDef* huart)
 153:Core/Src/stm32l4xx_hal_msp.c **** {
 262              		.loc 1 153 1 is_stmt 1 view -0
 263              		.cfi_startproc
 264              		@ args = 0, pretend = 0, frame = 80
 265              		@ frame_needed = 0, uses_anonymous_args = 0
 266              		.loc 1 153 1 is_stmt 0 view .LVU58
 267 0000 10B5     		push	{r4, lr}
 268              	.LCFI7:
 269              		.cfi_def_cfa_offset 8
 270              		.cfi_offset 4, -8
 271              		.cfi_offset 14, -4
 272 0002 94B0     		sub	sp, sp, #80
 273              	.LCFI8:
 274              		.cfi_def_cfa_offset 88
 275 0004 0446     		mov	r4, r0
 154:Core/Src/stm32l4xx_hal_msp.c ****   GPIO_InitTypeDef GPIO_InitStruct = {0};
 276              		.loc 1 154 3 is_stmt 1 view .LVU59
 277              		.loc 1 154 20 is_stmt 0 view .LVU60
 278 0006 0021     		movs	r1, #0
 279 0008 0F91     		str	r1, [sp, #60]
 280 000a 1091     		str	r1, [sp, #64]
 281 000c 1191     		str	r1, [sp, #68]
 282 000e 1291     		str	r1, [sp, #72]
ARM GAS  C:\Users\Admin\AppData\Local\Temp\ccBelkXJ.s 			page 9


 283 0010 1391     		str	r1, [sp, #76]
 155:Core/Src/stm32l4xx_hal_msp.c ****   RCC_PeriphCLKInitTypeDef PeriphClkInit = {0};
 284              		.loc 1 155 3 is_stmt 1 view .LVU61
 285              		.loc 1 155 28 is_stmt 0 view .LVU62
 286 0012 3422     		movs	r2, #52
 287 0014 02A8     		add	r0, sp, #8
 288              	.LVL11:
 289              		.loc 1 155 28 view .LVU63
 290 0016 FFF7FEFF 		bl	memset
 291              	.LVL12:
 156:Core/Src/stm32l4xx_hal_msp.c ****   if(huart->Instance==USART2)
 292              		.loc 1 156 3 is_stmt 1 view .LVU64
 293              		.loc 1 156 11 is_stmt 0 view .LVU65
 294 001a 2268     		ldr	r2, [r4]
 295              		.loc 1 156 5 view .LVU66
 296 001c 184B     		ldr	r3, .L23
 297 001e 9A42     		cmp	r2, r3
 298 0020 01D0     		beq	.L21
 299              	.L17:
 157:Core/Src/stm32l4xx_hal_msp.c ****   {
 158:Core/Src/stm32l4xx_hal_msp.c ****   /* USER CODE BEGIN USART2_MspInit 0 */
 159:Core/Src/stm32l4xx_hal_msp.c **** 
 160:Core/Src/stm32l4xx_hal_msp.c ****   /* USER CODE END USART2_MspInit 0 */
 161:Core/Src/stm32l4xx_hal_msp.c **** 
 162:Core/Src/stm32l4xx_hal_msp.c ****   /** Initializes the peripherals clock
 163:Core/Src/stm32l4xx_hal_msp.c ****   */
 164:Core/Src/stm32l4xx_hal_msp.c ****     PeriphClkInit.PeriphClockSelection = RCC_PERIPHCLK_USART2;
 165:Core/Src/stm32l4xx_hal_msp.c ****     PeriphClkInit.Usart2ClockSelection = RCC_USART2CLKSOURCE_PCLK1;
 166:Core/Src/stm32l4xx_hal_msp.c ****     if (HAL_RCCEx_PeriphCLKConfig(&PeriphClkInit) != HAL_OK)
 167:Core/Src/stm32l4xx_hal_msp.c ****     {
 168:Core/Src/stm32l4xx_hal_msp.c ****       Error_Handler();
 169:Core/Src/stm32l4xx_hal_msp.c ****     }
 170:Core/Src/stm32l4xx_hal_msp.c **** 
 171:Core/Src/stm32l4xx_hal_msp.c ****     /* Peripheral clock enable */
 172:Core/Src/stm32l4xx_hal_msp.c ****     __HAL_RCC_USART2_CLK_ENABLE();
 173:Core/Src/stm32l4xx_hal_msp.c **** 
 174:Core/Src/stm32l4xx_hal_msp.c ****     __HAL_RCC_GPIOA_CLK_ENABLE();
 175:Core/Src/stm32l4xx_hal_msp.c ****     /**USART2 GPIO Configuration
 176:Core/Src/stm32l4xx_hal_msp.c ****     PA2     ------> USART2_TX
 177:Core/Src/stm32l4xx_hal_msp.c ****     PA3     ------> USART2_RX
 178:Core/Src/stm32l4xx_hal_msp.c ****     */
 179:Core/Src/stm32l4xx_hal_msp.c ****     GPIO_InitStruct.Pin = USART_TX_Pin|USART_RX_Pin;
 180:Core/Src/stm32l4xx_hal_msp.c ****     GPIO_InitStruct.Mode = GPIO_MODE_AF_PP;
 181:Core/Src/stm32l4xx_hal_msp.c ****     GPIO_InitStruct.Pull = GPIO_NOPULL;
 182:Core/Src/stm32l4xx_hal_msp.c ****     GPIO_InitStruct.Speed = GPIO_SPEED_FREQ_VERY_HIGH;
 183:Core/Src/stm32l4xx_hal_msp.c ****     GPIO_InitStruct.Alternate = GPIO_AF7_USART2;
 184:Core/Src/stm32l4xx_hal_msp.c ****     HAL_GPIO_Init(GPIOA, &GPIO_InitStruct);
 185:Core/Src/stm32l4xx_hal_msp.c **** 
 186:Core/Src/stm32l4xx_hal_msp.c ****   /* USER CODE BEGIN USART2_MspInit 1 */
 187:Core/Src/stm32l4xx_hal_msp.c **** 
 188:Core/Src/stm32l4xx_hal_msp.c ****   /* USER CODE END USART2_MspInit 1 */
 189:Core/Src/stm32l4xx_hal_msp.c ****   }
 190:Core/Src/stm32l4xx_hal_msp.c **** 
 191:Core/Src/stm32l4xx_hal_msp.c **** }
 300              		.loc 1 191 1 view .LVU67
 301 0022 14B0     		add	sp, sp, #80
 302              	.LCFI9:
ARM GAS  C:\Users\Admin\AppData\Local\Temp\ccBelkXJ.s 			page 10


 303              		.cfi_remember_state
 304              		.cfi_def_cfa_offset 8
 305              		@ sp needed
 306 0024 10BD     		pop	{r4, pc}
 307              	.LVL13:
 308              	.L21:
 309              	.LCFI10:
 310              		.cfi_restore_state
 164:Core/Src/stm32l4xx_hal_msp.c ****     PeriphClkInit.Usart2ClockSelection = RCC_USART2CLKSOURCE_PCLK1;
 311              		.loc 1 164 5 is_stmt 1 view .LVU68
 164:Core/Src/stm32l4xx_hal_msp.c ****     PeriphClkInit.Usart2ClockSelection = RCC_USART2CLKSOURCE_PCLK1;
 312              		.loc 1 164 40 is_stmt 0 view .LVU69
 313 0026 0223     		movs	r3, #2
 314 0028 0293     		str	r3, [sp, #8]
 165:Core/Src/stm32l4xx_hal_msp.c ****     if (HAL_RCCEx_PeriphCLKConfig(&PeriphClkInit) != HAL_OK)
 315              		.loc 1 165 5 is_stmt 1 view .LVU70
 166:Core/Src/stm32l4xx_hal_msp.c ****     {
 316              		.loc 1 166 5 view .LVU71
 166:Core/Src/stm32l4xx_hal_msp.c ****     {
 317              		.loc 1 166 9 is_stmt 0 view .LVU72
 318 002a 02A8     		add	r0, sp, #8
 319 002c FFF7FEFF 		bl	HAL_RCCEx_PeriphCLKConfig
 320              	.LVL14:
 166:Core/Src/stm32l4xx_hal_msp.c ****     {
 321              		.loc 1 166 8 view .LVU73
 322 0030 10BB     		cbnz	r0, .L22
 323              	.L19:
 172:Core/Src/stm32l4xx_hal_msp.c **** 
 324              		.loc 1 172 5 is_stmt 1 view .LVU74
 325              	.LBB6:
 172:Core/Src/stm32l4xx_hal_msp.c **** 
 326              		.loc 1 172 5 view .LVU75
 172:Core/Src/stm32l4xx_hal_msp.c **** 
 327              		.loc 1 172 5 view .LVU76
 328 0032 144B     		ldr	r3, .L23+4
 329 0034 9A6D     		ldr	r2, [r3, #88]
 330 0036 42F40032 		orr	r2, r2, #131072
 331 003a 9A65     		str	r2, [r3, #88]
 172:Core/Src/stm32l4xx_hal_msp.c **** 
 332              		.loc 1 172 5 view .LVU77
 333 003c 9A6D     		ldr	r2, [r3, #88]
 334 003e 02F40032 		and	r2, r2, #131072
 335 0042 0092     		str	r2, [sp]
 172:Core/Src/stm32l4xx_hal_msp.c **** 
 336              		.loc 1 172 5 view .LVU78
 337 0044 009A     		ldr	r2, [sp]
 338              	.LBE6:
 172:Core/Src/stm32l4xx_hal_msp.c **** 
 339              		.loc 1 172 5 view .LVU79
 174:Core/Src/stm32l4xx_hal_msp.c ****     /**USART2 GPIO Configuration
 340              		.loc 1 174 5 view .LVU80
 341              	.LBB7:
 174:Core/Src/stm32l4xx_hal_msp.c ****     /**USART2 GPIO Configuration
 342              		.loc 1 174 5 view .LVU81
 174:Core/Src/stm32l4xx_hal_msp.c ****     /**USART2 GPIO Configuration
 343              		.loc 1 174 5 view .LVU82
 344 0046 DA6C     		ldr	r2, [r3, #76]
ARM GAS  C:\Users\Admin\AppData\Local\Temp\ccBelkXJ.s 			page 11


 345 0048 42F00102 		orr	r2, r2, #1
 346 004c DA64     		str	r2, [r3, #76]
 174:Core/Src/stm32l4xx_hal_msp.c ****     /**USART2 GPIO Configuration
 347              		.loc 1 174 5 view .LVU83
 348 004e DB6C     		ldr	r3, [r3, #76]
 349 0050 03F00103 		and	r3, r3, #1
 350 0054 0193     		str	r3, [sp, #4]
 174:Core/Src/stm32l4xx_hal_msp.c ****     /**USART2 GPIO Configuration
 351              		.loc 1 174 5 view .LVU84
 352 0056 019B     		ldr	r3, [sp, #4]
 353              	.LBE7:
 174:Core/Src/stm32l4xx_hal_msp.c ****     /**USART2 GPIO Configuration
 354              		.loc 1 174 5 view .LVU85
 179:Core/Src/stm32l4xx_hal_msp.c ****     GPIO_InitStruct.Mode = GPIO_MODE_AF_PP;
 355              		.loc 1 179 5 view .LVU86
 179:Core/Src/stm32l4xx_hal_msp.c ****     GPIO_InitStruct.Mode = GPIO_MODE_AF_PP;
 356              		.loc 1 179 25 is_stmt 0 view .LVU87
 357 0058 0C23     		movs	r3, #12
 358 005a 0F93     		str	r3, [sp, #60]
 180:Core/Src/stm32l4xx_hal_msp.c ****     GPIO_InitStruct.Pull = GPIO_NOPULL;
 359              		.loc 1 180 5 is_stmt 1 view .LVU88
 180:Core/Src/stm32l4xx_hal_msp.c ****     GPIO_InitStruct.Pull = GPIO_NOPULL;
 360              		.loc 1 180 26 is_stmt 0 view .LVU89
 361 005c 0223     		movs	r3, #2
 362 005e 1093     		str	r3, [sp, #64]
 181:Core/Src/stm32l4xx_hal_msp.c ****     GPIO_InitStruct.Speed = GPIO_SPEED_FREQ_VERY_HIGH;
 363              		.loc 1 181 5 is_stmt 1 view .LVU90
 181:Core/Src/stm32l4xx_hal_msp.c ****     GPIO_InitStruct.Speed = GPIO_SPEED_FREQ_VERY_HIGH;
 364              		.loc 1 181 26 is_stmt 0 view .LVU91
 365 0060 0023     		movs	r3, #0
 366 0062 1193     		str	r3, [sp, #68]
 182:Core/Src/stm32l4xx_hal_msp.c ****     GPIO_InitStruct.Alternate = GPIO_AF7_USART2;
 367              		.loc 1 182 5 is_stmt 1 view .LVU92
 182:Core/Src/stm32l4xx_hal_msp.c ****     GPIO_InitStruct.Alternate = GPIO_AF7_USART2;
 368              		.loc 1 182 27 is_stmt 0 view .LVU93
 369 0064 0323     		movs	r3, #3
 370 0066 1293     		str	r3, [sp, #72]
 183:Core/Src/stm32l4xx_hal_msp.c ****     HAL_GPIO_Init(GPIOA, &GPIO_InitStruct);
 371              		.loc 1 183 5 is_stmt 1 view .LVU94
 183:Core/Src/stm32l4xx_hal_msp.c ****     HAL_GPIO_Init(GPIOA, &GPIO_InitStruct);
 372              		.loc 1 183 31 is_stmt 0 view .LVU95
 373 0068 0723     		movs	r3, #7
 374 006a 1393     		str	r3, [sp, #76]
 184:Core/Src/stm32l4xx_hal_msp.c **** 
 375              		.loc 1 184 5 is_stmt 1 view .LVU96
 376 006c 0FA9     		add	r1, sp, #60
 377 006e 4FF09040 		mov	r0, #1207959552
 378 0072 FFF7FEFF 		bl	HAL_GPIO_Init
 379              	.LVL15:
 380              		.loc 1 191 1 is_stmt 0 view .LVU97
 381 0076 D4E7     		b	.L17
 382              	.L22:
 168:Core/Src/stm32l4xx_hal_msp.c ****     }
 383              		.loc 1 168 7 is_stmt 1 view .LVU98
 384 0078 FFF7FEFF 		bl	Error_Handler
 385              	.LVL16:
 386 007c D9E7     		b	.L19
ARM GAS  C:\Users\Admin\AppData\Local\Temp\ccBelkXJ.s 			page 12


 387              	.L24:
 388 007e 00BF     		.align	2
 389              	.L23:
 390 0080 00440040 		.word	1073759232
 391 0084 00100240 		.word	1073876992
 392              		.cfi_endproc
 393              	.LFE135:
 395              		.section	.text.HAL_UART_MspDeInit,"ax",%progbits
 396              		.align	1
 397              		.global	HAL_UART_MspDeInit
 398              		.syntax unified
 399              		.thumb
 400              		.thumb_func
 402              	HAL_UART_MspDeInit:
 403              	.LVL17:
 404              	.LFB136:
 192:Core/Src/stm32l4xx_hal_msp.c **** 
 193:Core/Src/stm32l4xx_hal_msp.c **** /**
 194:Core/Src/stm32l4xx_hal_msp.c **** * @brief UART MSP De-Initialization
 195:Core/Src/stm32l4xx_hal_msp.c **** * This function freeze the hardware resources used in this example
 196:Core/Src/stm32l4xx_hal_msp.c **** * @param huart: UART handle pointer
 197:Core/Src/stm32l4xx_hal_msp.c **** * @retval None
 198:Core/Src/stm32l4xx_hal_msp.c **** */
 199:Core/Src/stm32l4xx_hal_msp.c **** void HAL_UART_MspDeInit(UART_HandleTypeDef* huart)
 200:Core/Src/stm32l4xx_hal_msp.c **** {
 405              		.loc 1 200 1 view -0
 406              		.cfi_startproc
 407              		@ args = 0, pretend = 0, frame = 0
 408              		@ frame_needed = 0, uses_anonymous_args = 0
 409              		.loc 1 200 1 is_stmt 0 view .LVU100
 410 0000 08B5     		push	{r3, lr}
 411              	.LCFI11:
 412              		.cfi_def_cfa_offset 8
 413              		.cfi_offset 3, -8
 414              		.cfi_offset 14, -4
 201:Core/Src/stm32l4xx_hal_msp.c ****   if(huart->Instance==USART2)
 415              		.loc 1 201 3 is_stmt 1 view .LVU101
 416              		.loc 1 201 11 is_stmt 0 view .LVU102
 417 0002 0268     		ldr	r2, [r0]
 418              		.loc 1 201 5 view .LVU103
 419 0004 074B     		ldr	r3, .L29
 420 0006 9A42     		cmp	r2, r3
 421 0008 00D0     		beq	.L28
 422              	.LVL18:
 423              	.L25:
 202:Core/Src/stm32l4xx_hal_msp.c ****   {
 203:Core/Src/stm32l4xx_hal_msp.c ****   /* USER CODE BEGIN USART2_MspDeInit 0 */
 204:Core/Src/stm32l4xx_hal_msp.c **** 
 205:Core/Src/stm32l4xx_hal_msp.c ****   /* USER CODE END USART2_MspDeInit 0 */
 206:Core/Src/stm32l4xx_hal_msp.c ****     /* Peripheral clock disable */
 207:Core/Src/stm32l4xx_hal_msp.c ****     __HAL_RCC_USART2_CLK_DISABLE();
 208:Core/Src/stm32l4xx_hal_msp.c **** 
 209:Core/Src/stm32l4xx_hal_msp.c ****     /**USART2 GPIO Configuration
 210:Core/Src/stm32l4xx_hal_msp.c ****     PA2     ------> USART2_TX
 211:Core/Src/stm32l4xx_hal_msp.c ****     PA3     ------> USART2_RX
 212:Core/Src/stm32l4xx_hal_msp.c ****     */
 213:Core/Src/stm32l4xx_hal_msp.c ****     HAL_GPIO_DeInit(GPIOA, USART_TX_Pin|USART_RX_Pin);
ARM GAS  C:\Users\Admin\AppData\Local\Temp\ccBelkXJ.s 			page 13


 214:Core/Src/stm32l4xx_hal_msp.c **** 
 215:Core/Src/stm32l4xx_hal_msp.c ****   /* USER CODE BEGIN USART2_MspDeInit 1 */
 216:Core/Src/stm32l4xx_hal_msp.c **** 
 217:Core/Src/stm32l4xx_hal_msp.c ****   /* USER CODE END USART2_MspDeInit 1 */
 218:Core/Src/stm32l4xx_hal_msp.c ****   }
 219:Core/Src/stm32l4xx_hal_msp.c **** 
 220:Core/Src/stm32l4xx_hal_msp.c **** }
 424              		.loc 1 220 1 view .LVU104
 425 000a 08BD     		pop	{r3, pc}
 426              	.LVL19:
 427              	.L28:
 207:Core/Src/stm32l4xx_hal_msp.c **** 
 428              		.loc 1 207 5 is_stmt 1 view .LVU105
 429 000c 064A     		ldr	r2, .L29+4
 430 000e 936D     		ldr	r3, [r2, #88]
 431 0010 23F40033 		bic	r3, r3, #131072
 432 0014 9365     		str	r3, [r2, #88]
 213:Core/Src/stm32l4xx_hal_msp.c **** 
 433              		.loc 1 213 5 view .LVU106
 434 0016 0C21     		movs	r1, #12
 435 0018 4FF09040 		mov	r0, #1207959552
 436              	.LVL20:
 213:Core/Src/stm32l4xx_hal_msp.c **** 
 437              		.loc 1 213 5 is_stmt 0 view .LVU107
 438 001c FFF7FEFF 		bl	HAL_GPIO_DeInit
 439              	.LVL21:
 440              		.loc 1 220 1 view .LVU108
 441 0020 F3E7     		b	.L25
 442              	.L30:
 443 0022 00BF     		.align	2
 444              	.L29:
 445 0024 00440040 		.word	1073759232
 446 0028 00100240 		.word	1073876992
 447              		.cfi_endproc
 448              	.LFE136:
 450              		.text
 451              	.Letext0:
 452              		.file 2 "c:\\program files (x86)\\gnu arm embedded toolchain\\10 2021.10\\arm-none-eabi\\include\\
 453              		.file 3 "c:\\program files (x86)\\gnu arm embedded toolchain\\10 2021.10\\arm-none-eabi\\include\\
 454              		.file 4 "Drivers/CMSIS/Device/ST/STM32L4xx/Include/stm32l412xx.h"
 455              		.file 5 "Drivers/STM32L4xx_HAL_Driver/Inc/stm32l4xx_hal_def.h"
 456              		.file 6 "Drivers/STM32L4xx_HAL_Driver/Inc/stm32l4xx_hal_rcc_ex.h"
 457              		.file 7 "Drivers/STM32L4xx_HAL_Driver/Inc/stm32l4xx_hal_gpio.h"
 458              		.file 8 "Drivers/STM32L4xx_HAL_Driver/Inc/stm32l4xx_hal_dma.h"
 459              		.file 9 "Drivers/STM32L4xx_HAL_Driver/Inc/stm32l4xx_hal_spi.h"
 460              		.file 10 "Drivers/STM32L4xx_HAL_Driver/Inc/stm32l4xx_hal_uart.h"
 461              		.file 11 "Core/Inc/main.h"
 462              		.file 12 "<built-in>"
ARM GAS  C:\Users\Admin\AppData\Local\Temp\ccBelkXJ.s 			page 14


DEFINED SYMBOLS
                            *ABS*:00000000 stm32l4xx_hal_msp.c
C:\Users\Admin\AppData\Local\Temp\ccBelkXJ.s:20     .text.HAL_MspInit:00000000 $t
C:\Users\Admin\AppData\Local\Temp\ccBelkXJ.s:26     .text.HAL_MspInit:00000000 HAL_MspInit
C:\Users\Admin\AppData\Local\Temp\ccBelkXJ.s:77     .text.HAL_MspInit:0000002c $d
C:\Users\Admin\AppData\Local\Temp\ccBelkXJ.s:82     .text.HAL_SPI_MspInit:00000000 $t
C:\Users\Admin\AppData\Local\Temp\ccBelkXJ.s:88     .text.HAL_SPI_MspInit:00000000 HAL_SPI_MspInit
C:\Users\Admin\AppData\Local\Temp\ccBelkXJ.s:193    .text.HAL_SPI_MspInit:00000068 $d
C:\Users\Admin\AppData\Local\Temp\ccBelkXJ.s:198    .text.HAL_SPI_MspDeInit:00000000 $t
C:\Users\Admin\AppData\Local\Temp\ccBelkXJ.s:204    .text.HAL_SPI_MspDeInit:00000000 HAL_SPI_MspDeInit
C:\Users\Admin\AppData\Local\Temp\ccBelkXJ.s:247    .text.HAL_SPI_MspDeInit:00000024 $d
C:\Users\Admin\AppData\Local\Temp\ccBelkXJ.s:253    .text.HAL_UART_MspInit:00000000 $t
C:\Users\Admin\AppData\Local\Temp\ccBelkXJ.s:259    .text.HAL_UART_MspInit:00000000 HAL_UART_MspInit
C:\Users\Admin\AppData\Local\Temp\ccBelkXJ.s:390    .text.HAL_UART_MspInit:00000080 $d
C:\Users\Admin\AppData\Local\Temp\ccBelkXJ.s:396    .text.HAL_UART_MspDeInit:00000000 $t
C:\Users\Admin\AppData\Local\Temp\ccBelkXJ.s:402    .text.HAL_UART_MspDeInit:00000000 HAL_UART_MspDeInit
C:\Users\Admin\AppData\Local\Temp\ccBelkXJ.s:445    .text.HAL_UART_MspDeInit:00000024 $d

UNDEFINED SYMBOLS
HAL_GPIO_Init
HAL_GPIO_DeInit
memset
HAL_RCCEx_PeriphCLKConfig
Error_Handler
